<?xml version="1.0" encoding="UTF-8"?>
<!-- Generated by org.testng.reporters.JUnitReportReporter -->
<testsuite skipped="0" hostname="DESKTOP-2UOB7HG" name="AutomationPractice.MavenJava.RestAPITest" tests="2" failures="0" timestamp="2020-11-06T15:56:19 EST" time="0.009" errors="0">
  <testcase name="November2" time="0.007" classname="AutomationPractice.MavenJava.RestAPITest"/>
  <system-out/>
  <testcase name="November1" time="0.002" classname="AutomationPractice.MavenJava.RestAPITest"/>
  <system-out/>
</testsuite> <!-- AutomationPractice.MavenJava.RestAPITest -->
