<?xml version="1.0" encoding="UTF-8"?>
<!-- Generated by org.testng.reporters.JUnitReportReporter -->
<testsuite skipped="0" hostname="DESKTOP-2UOB7HG" name="AutomationPractice.MavenJava.SeleniumTest" tests="2" failures="0" timestamp="2020-11-06T15:56:19 EST" time="0.007" errors="0">
  <testcase name="Test1" time="0.002" classname="AutomationPractice.MavenJava.SeleniumTest"/>
  <system-out/>
  <testcase name="SelTest2" time="0.005" classname="AutomationPractice.MavenJava.SeleniumTest"/>
  <system-out/>
</testsuite> <!-- AutomationPractice.MavenJava.SeleniumTest -->
