<?xml version="1.0" encoding="UTF-8"?>
<!-- Generated by org.testng.reporters.JUnitReportReporter -->
<testsuite skipped="0" hostname="DESKTOP-2UOB7HG" name="AutomationPractice.MavenJava.AppiumTest" tests="2" failures="0" timestamp="2020-11-06T15:56:19 EST" time="0.022" errors="0">
  <testcase name="Oct2" time="0.011" classname="AutomationPractice.MavenJava.AppiumTest"/>
  <system-out/>
  <testcase name="Oct1" time="0.011" classname="AutomationPractice.MavenJava.AppiumTest"/>
  <system-out/>
</testsuite> <!-- AutomationPractice.MavenJava.AppiumTest -->
