<?xml version="1.0" encoding="UTF-8"?>
<!-- Generated by org.testng.reporters.JUnitReportReporter -->
<testsuite hostname="DESKTOP-2UOB7HG" failures="0" tests="4" name="testNG_Demo.First_testNG" time="0.037" errors="0" timestamp="2020-10-13T14:07:25 EDT" skipped="0">
  <testcase classname="testNG_Demo.First_testNG" name="CheckedOut" time="0.026"/>
  <system-out/>
  <testcase classname="testNG_Demo.First_testNG" name="loginApplication" time="0.004"/>
  <system-out/>
  <testcase classname="testNG_Demo.First_testNG" name="Applicationlogged" time="0.004"/>
  <system-out/>
  <testcase classname="testNG_Demo.First_testNG" name="ItemsSelected" time="0.003"/>
  <system-out/>
</testsuite> <!-- testNG_Demo.First_testNG -->
