<?xml version="1.0" encoding="UTF-8"?>
<!-- Generated by org.testng.reporters.JUnitReportReporter -->
<testsuite skipped="0" hostname="DESKTOP-2UOB7HG" name="Framework.RS_End2End.HomePage" tests="2" failures="0" timestamp="2020-11-07T20:41:15 EST" time="25.827" errors="0">
  <testcase name="multipleusers" time="13.125" classname="Framework.RS_End2End.HomePage"/>
  <system-out/>
  <testcase name="multipleusers" time="12.702" classname="Framework.RS_End2End.HomePage"/>
  <system-out/>
</testsuite> <!-- Framework.RS_End2End.HomePage -->
