<?xml version="1.0" encoding="UTF-8"?>
<!-- Generated by org.testng.reporters.JUnitReportReporter -->
<testsuite hostname="DESKTOP-2UOB7HG" failures="0" tests="5" name="Demo3" time="0.010" errors="0" timestamp="2020-11-04T17:28:38 EST" skipped="0">
  <testcase classname="Demo3" name="NinthTC" time="0.001"/>
  <system-out/>
  <testcase classname="Demo3" name="API3TC" time="0.002"/>
  <system-out/>
  <testcase classname="Demo3" name="SeventhTC" time="0.002"/>
  <system-out/>
  <testcase classname="Demo3" name="SeventhTC" time="0.002"/>
  <system-out/>
  <testcase classname="Demo3" name="SeventhTC" time="0.003"/>
  <system-out/>
</testsuite> <!-- Demo3 -->
