<?xml version="1.0" encoding="UTF-8"?>
<!-- Generated by org.testng.reporters.JUnitReportReporter -->
<testsuite hostname="DESKTOP-2UOB7HG" failures="0" tests="2" name="Framework.RS_End2End.HomePage" time="0.000" errors="0" timestamp="2020-11-07T20:33:45 EST" skipped="2">
  <testcase classname="Framework.RS_End2End.HomePage" name="multipleusers" time="0.000">
    <skipped/>
  </testcase> <!-- multipleusers -->
  <system-out/>
  <testcase classname="Framework.RS_End2End.HomePage" name="multipleusers" time="0.000">
    <skipped/>
  </testcase> <!-- multipleusers -->
  <system-out/>
</testsuite> <!-- Framework.RS_End2End.HomePage -->
