<?xml version="1.0" encoding="UTF-8"?>
<!-- Generated by org.testng.reporters.JUnitReportReporter -->
<testsuite hostname="DESKTOP-2UOB7HG" failures="0" tests="1" name="TestNG.demo2" time="0.005" errors="0" timestamp="2020-10-22T00:21:42 EDT" skipped="0">
  <testcase classname="TestNG.demo2" name="hello" time="0.005"/>
  <system-out/>
</testsuite> <!-- TestNG.demo2 -->
