<?xml version="1.0" encoding="UTF-8"?>
<!-- Generated by org.testng.reporters.JUnitReportReporter -->
<testsuite hostname="DESKTOP-2UOB7HG" failures="0" tests="2" name="TestNG.demo1" time="0.018" errors="0" timestamp="2020-10-22T00:21:42 EDT" skipped="0">
  <testcase classname="TestNG.demo1" name="demo3" time="0.003"/>
  <system-out/>
  <testcase classname="TestNG.demo1" name="demo" time="0.015"/>
  <system-out/>
</testsuite> <!-- TestNG.demo1 -->
