<?xml version="1.0" encoding="UTF-8"?>
<!-- Generated by org.testng.reporters.JUnitReportReporter -->
<testsuite hostname="DESKTOP-2UOB7HG" failures="0" tests="1" name="RedifTestcases.LoginapplicationPOF" time="6.800" errors="0" timestamp="2020-11-05T21:20:52 EST" skipped="0">
  <testcase classname="RedifTestcases.LoginapplicationPOF" name="login" time="6.800"/>
  <system-out/>
</testsuite> <!-- RedifTestcases.LoginapplicationPOF -->
