<?xml version="1.0" encoding="UTF-8"?>
<!-- Generated by org.testng.reporters.JUnitReportReporter -->
<testsuite hostname="DESKTOP-2UOB7HG" failures="0" tests="1" name="Testcases.Loginapplication" time="6.833" errors="0" timestamp="2020-11-05T16:36:02 EST" skipped="0">
  <testcase classname="Testcases.Loginapplication" name="login" time="6.833"/>
  <system-out/>
</testsuite> <!-- Testcases.Loginapplication -->
