<?xml version="1.0" encoding="UTF-8"?>
<!-- Generated by org.testng.reporters.JUnitReportReporter -->
<testsuite hostname="DESKTOP-2UOB7HG" failures="0" tests="1" name="RedifTestcases.CreateAccount" time="14.745" errors="0" timestamp="2020-11-05T17:12:06 EST" skipped="0">
  <testcase classname="RedifTestcases.CreateAccount" name="login" time="14.745"/>
  <system-out/>
</testsuite> <!-- RedifTestcases.CreateAccount -->
