<?xml version="1.0" encoding="UTF-8"?>
<!-- Generated by org.testng.reporters.JUnitReportReporter -->
<testsuite hostname="DESKTOP-2UOB7HG" failures="0" tests="1" name="Calendar.Calendardemo" time="26.927" errors="0" timestamp="2020-11-19T10:54:32 EST" skipped="0">
  <testcase classname="Calendar.Calendardemo" name="testDAtePicker" time="26.927"/>
  <system-out/>
</testsuite> <!-- Calendar.Calendardemo -->
