<?xml version="1.0" encoding="UTF-8"?>
<!-- Generated by org.testng.reporters.JUnitReportReporter -->
<testsuite hostname="DESKTOP-2UOB7HG" failures="0" tests="1" name="Calendar.Calendardemo" time="36.819" errors="0" timestamp="2020-11-02T02:18:28 EST" skipped="0">
  <testcase classname="Calendar.Calendardemo" name="testDAtePicker" time="36.819"/>
  <system-out/>
</testsuite> <!-- Calendar.Calendardemo -->
