<?xml version="1.0" encoding="UTF-8"?>
<!-- Generated by org.testng.reporters.JUnitReportReporter -->
<testsuite hostname="DESKTOP-2UOB7HG" failures="0" tests="1" name="AutomationPractice.ExtentReports.ExtentreportDemo" time="17.580" errors="0" timestamp="2020-11-07T13:28:12 EST" skipped="0">
  <testcase classname="AutomationPractice.ExtentReports.ExtentreportDemo" name="demo" time="17.580"/>
  <system-out/>
</testsuite> <!-- AutomationPractice.ExtentReports.ExtentreportDemo -->
