<?xml version="1.0" encoding="UTF-8"?>
<!-- Generated by org.testng.reporters.JUnitReportReporter -->
<testsuite hostname="DESKTOP-2UOB7HG" failures="0" tests="1" name="IFrameVerify" time="0.012" errors="0" timestamp="2020-10-16T15:11:37 EDT" skipped="0">
  <testcase classname="IFrameVerify" name="testFrames" time="0.012"/>
  <system-out/>
</testsuite> <!-- IFrameVerify -->
